{
  "RSpec": {
    "coverage": {
      "/Users/elizabethwachtler/Projects/post-course/oystercard2/spec/oystercard_spec.rb": [
        1,
        null,
        1,
        null,
        3,
        null,
        1,
        1,
        1,
        null,
        null,
        null,
        1,
        1,
        1,
        1,
        null,
        null,
        null
      ],
      "/Users/elizabethwachtler/Projects/post-course/oystercard2/lib/oystercard.rb": [
        1,
        null,
        1,
        2,
        null,
        null,
        1,
        null,
        1,
        1,
        null,
        null,
        null
      ]
    },
    "timestamp": 1562777353
  }
}
